### Start Fri Mar 22 18:53:52 2024
# /apps/dev-studio/12.6/bin/../bin/er_archive -n -O /home/nd821/nd821_Test/CourseWork_Actual/num2.er/_f1_x1.er/er_archive.log /home/nd821/nd821_Test/CourseWork_Actual/num2.er/_f1_x1.er
Copying `/usr/bin/orted'  to `/home/nd821/nd821_Test/CourseWork_Actual/num2.er/archives/orted_UHyILZt997d'
Copying `/usr/lib/x86_64-linux-gnu/openmpi/lib/openmpi3/mca_ess_hnp.so'  to `/home/nd821/nd821_Test/CourseWork_Actual/num2.er/archives/mca_ess_hnp.so_1fcNkoDIWK0'
Copying `/usr/lib/x86_64-linux-gnu/openmpi/lib/openmpi3/mca_pstat_linux.so'  to `/home/nd821/nd821_Test/CourseWork_Actual/num2.er/archives/mca_pstat_linux.so_1fcNkoDIWK0'
Copying `/usr/lib/x86_64-linux-gnu/openmpi/lib/openmpi3/mca_plm_isolated.so'  to `/home/nd821/nd821_Test/CourseWork_Actual/num2.er/archives/mca_plm_isolated.so_1fcNkoDIWK0'
Copying `/usr/lib/x86_64-linux-gnu/openmpi/lib/openmpi3/mca_plm_slurm.so'  to `/home/nd821/nd821_Test/CourseWork_Actual/num2.er/archives/mca_plm_slurm.so_1fcNkoDIWK0'
Copying `/usr/lib/x86_64-linux-gnu/openmpi/lib/openmpi3/mca_plm_rsh.so'  to `/home/nd821/nd821_Test/CourseWork_Actual/num2.er/archives/mca_plm_rsh.so_1fcNkoDIWK0'
Copying `/usr/lib/x86_64-linux-gnu/openmpi/lib/openmpi3/mca_grpcomm_direct.so'  to `/home/nd821/nd821_Test/CourseWork_Actual/num2.er/archives/mca_grpcomm_direct.so_1fcNkoDIWK0'
Copying `/usr/lib/x86_64-linux-gnu/openmpi/lib/openmpi3/mca_oob_tcp.so'  to `/home/nd821/nd821_Test/CourseWork_Actual/num2.er/archives/mca_oob_tcp.so_1fcNkoDIWK0'
Copying `/usr/lib/x86_64-linux-gnu/openmpi/lib/openmpi3/mca_rml_oob.so'  to `/home/nd821/nd821_Test/CourseWork_Actual/num2.er/archives/mca_rml_oob.so_1fcNkoDIWK0'
Copying `/usr/lib/x86_64-linux-gnu/openmpi/lib/openmpi3/mca_routed_direct.so'  to `/home/nd821/nd821_Test/CourseWork_Actual/num2.er/archives/mca_routed_direct.so_1fcNkoDIWK0'
Copying `/usr/lib/x86_64-linux-gnu/openmpi/lib/openmpi3/mca_routed_binomial.so'  to `/home/nd821/nd821_Test/CourseWork_Actual/num2.er/archives/mca_routed_binomial.so_1fcNkoDIWK0'
Copying `/usr/lib/x86_64-linux-gnu/openmpi/lib/openmpi3/mca_routed_radix.so'  to `/home/nd821/nd821_Test/CourseWork_Actual/num2.er/archives/mca_routed_radix.so_1fcNkoDIWK0'
Copying `/usr/lib/x86_64-linux-gnu/pmix2/lib/pmix/pmix_mca_prm_slurm.so'  to `/home/nd821/nd821_Test/CourseWork_Actual/num2.er/archives/pmix_mca_prm_slurm.so_dU1net7nSj5'
Copying `/usr/lib/x86_64-linux-gnu/pmix2/lib/pmix/pmix_mca_prm_default.so'  to `/home/nd821/nd821_Test/CourseWork_Actual/num2.er/archives/pmix_mca_prm_default.so_dU1net7nSj5'
Copying `/usr/lib/x86_64-linux-gnu/openmpi/lib/openmpi3/mca_ras_slurm.so'  to `/home/nd821/nd821_Test/CourseWork_Actual/num2.er/archives/mca_ras_slurm.so_1fcNkoDIWK0'
Copying `/usr/lib/x86_64-linux-gnu/openmpi/lib/openmpi3/mca_ras_simulator.so'  to `/home/nd821/nd821_Test/CourseWork_Actual/num2.er/archives/mca_ras_simulator.so_1fcNkoDIWK0'
Copying `/usr/lib/x86_64-linux-gnu/openmpi/lib/openmpi3/mca_ras_gridengine.so'  to `/home/nd821/nd821_Test/CourseWork_Actual/num2.er/archives/mca_ras_gridengine.so_1fcNkoDIWK0'
Copying `/usr/lib/x86_64-linux-gnu/openmpi/lib/openmpi3/mca_regx_reverse.so'  to `/home/nd821/nd821_Test/CourseWork_Actual/num2.er/archives/mca_regx_reverse.so_1fcNkoDIWK0'
Copying `/usr/lib/x86_64-linux-gnu/openmpi/lib/openmpi3/mca_regx_fwd.so'  to `/home/nd821/nd821_Test/CourseWork_Actual/num2.er/archives/mca_regx_fwd.so_1fcNkoDIWK0'
Copying `/usr/lib/x86_64-linux-gnu/openmpi/lib/openmpi3/mca_rmaps_round_robin.so'  to `/home/nd821/nd821_Test/CourseWork_Actual/num2.er/archives/mca_rmaps_round_robin.so_1fcNkoDIWK0'
Copying `/usr/lib/x86_64-linux-gnu/openmpi/lib/openmpi3/mca_rmaps_seq.so'  to `/home/nd821/nd821_Test/CourseWork_Actual/num2.er/archives/mca_rmaps_seq.so_1fcNkoDIWK0'
Copying `/usr/lib/x86_64-linux-gnu/openmpi/lib/openmpi3/mca_rmaps_ppr.so'  to `/home/nd821/nd821_Test/CourseWork_Actual/num2.er/archives/mca_rmaps_ppr.so_1fcNkoDIWK0'
Copying `/usr/lib/x86_64-linux-gnu/openmpi/lib/openmpi3/mca_rmaps_rank_file.so'  to `/home/nd821/nd821_Test/CourseWork_Actual/num2.er/archives/mca_rmaps_rank_file.so_1fcNkoDIWK0'
Copying `/usr/lib/x86_64-linux-gnu/openmpi/lib/openmpi3/mca_rmaps_mindist.so'  to `/home/nd821/nd821_Test/CourseWork_Actual/num2.er/archives/mca_rmaps_mindist.so_1fcNkoDIWK0'
Copying `/usr/lib/x86_64-linux-gnu/openmpi/lib/openmpi3/mca_rmaps_resilient.so'  to `/home/nd821/nd821_Test/CourseWork_Actual/num2.er/archives/mca_rmaps_resilient.so_1fcNkoDIWK0'
Copying `/usr/lib/x86_64-linux-gnu/openmpi/lib/openmpi3/mca_regx_naive.so'  to `/home/nd821/nd821_Test/CourseWork_Actual/num2.er/archives/mca_regx_naive.so_1fcNkoDIWK0'
Copying `/usr/lib/x86_64-linux-gnu/openmpi/lib/openmpi3/mca_odls_default.so'  to `/home/nd821/nd821_Test/CourseWork_Actual/num2.er/archives/mca_odls_default.so_1fcNkoDIWK0'
Copying `/usr/lib/x86_64-linux-gnu/openmpi/lib/openmpi3/mca_odls_pspawn.so'  to `/home/nd821/nd821_Test/CourseWork_Actual/num2.er/archives/mca_odls_pspawn.so_1fcNkoDIWK0'
Copying `/usr/lib/x86_64-linux-gnu/openmpi/lib/openmpi3/mca_iof_orted.so'  to `/home/nd821/nd821_Test/CourseWork_Actual/num2.er/archives/mca_iof_orted.so_1fcNkoDIWK0'
Copying `/usr/lib/x86_64-linux-gnu/openmpi/lib/openmpi3/mca_iof_hnp.so'  to `/home/nd821/nd821_Test/CourseWork_Actual/num2.er/archives/mca_iof_hnp.so_1fcNkoDIWK0'
Copying `/usr/lib/x86_64-linux-gnu/openmpi/lib/openmpi3/mca_rtc_hwloc.so'  to `/home/nd821/nd821_Test/CourseWork_Actual/num2.er/archives/mca_rtc_hwloc.so_1fcNkoDIWK0'
Copying `/usr/lib/x86_64-linux-gnu/openmpi/lib/openmpi3/mca_iof_tool.so'  to `/home/nd821/nd821_Test/CourseWork_Actual/num2.er/archives/mca_iof_tool.so_1fcNkoDIWK0'
Copying `/usr/lib/x86_64-linux-gnu/openmpi/lib/openmpi3/mca_filem_raw.so'  to `/home/nd821/nd821_Test/CourseWork_Actual/num2.er/archives/mca_filem_raw.so_1fcNkoDIWK0'
