### Start Thu Mar 21 19:37:37 2024
# /apps/dev-studio/12.6/bin/../bin/er_archive -n -O /home/nd821/nd821_Test/CourseWork_Actual/initial2.er/er_archive.log /home/nd821/nd821_Test/CourseWork_Actual/initial2.er
Copying `/home/nd821/nd821_Test/CourseWork_Actual/solver'  to `/home/nd821/nd821_Test/CourseWork_Actual/initial2.er/archives/solver_HWtQGegiS37'
Copying `/usr/lib/x86_64-linux-gnu/libopen-rte.so.40.30.2'  to `/home/nd821/nd821_Test/CourseWork_Actual/initial2.er/archives/libopen-rte.so.40.30.2_dnWuQRcLhw9'
Copying `/usr/lib/x86_64-linux-gnu/libgfortran.so.5.0.0'  to `/home/nd821/nd821_Test/CourseWork_Actual/initial2.er/archives/libgfortran.so.5.0.0_dnWuQRcLhw9'
Copying `/usr/lib/x86_64-linux-gnu/libopen-pal.so.40.30.2'  to `/home/nd821/nd821_Test/CourseWork_Actual/initial2.er/archives/libopen-pal.so.40.30.2_dnWuQRcLhw9'
Copying `/usr/lib/x86_64-linux-gnu/libatlas.so.3.10.3'  to `/home/nd821/nd821_Test/CourseWork_Actual/initial2.er/archives/libatlas.so.3.10.3_dnWuQRcLhw9'
Copying `/usr/lib/x86_64-linux-gnu/libudev.so.1.7.5'  to `/home/nd821/nd821_Test/CourseWork_Actual/initial2.er/archives/libudev.so.1.7.5_dnWuQRcLhw9'
Copying `/usr/lib/x86_64-linux-gnu/libz.so.1.2.13'  to `/home/nd821/nd821_Test/CourseWork_Actual/initial2.er/archives/libz.so.1.2.13_dnWuQRcLhw9'
Copying `/usr/lib/x86_64-linux-gnu/libevent_pthreads-2.1.so.7.0.1'  to `/home/nd821/nd821_Test/CourseWork_Actual/initial2.er/archives/libevent_pthreads-2.1.so.7.0.1_dnWuQRcLhw9'
Copying `/usr/lib/x86_64-linux-gnu/libquadmath.so.0.0.0'  to `/home/nd821/nd821_Test/CourseWork_Actual/initial2.er/archives/libquadmath.so.0.0.0_dnWuQRcLhw9'
Copying `/usr/lib/x86_64-linux-gnu/libc.so.6'  to `/home/nd821/nd821_Test/CourseWork_Actual/initial2.er/archives/libc.so.6_dnWuQRcLhw9'
Copying `/usr/lib/x86_64-linux-gnu/libstdc++.so.6.0.30'  to `/home/nd821/nd821_Test/CourseWork_Actual/initial2.er/archives/libstdc++.so.6.0.30_dnWuQRcLhw9'
Copying `/usr/lib/x86_64-linux-gnu/libevent_core-2.1.so.7.0.1'  to `/home/nd821/nd821_Test/CourseWork_Actual/initial2.er/archives/libevent_core-2.1.so.7.0.1_dnWuQRcLhw9'
Copying `/usr/lib/x86_64-linux-gnu/libhwloc.so.15.6.1'  to `/home/nd821/nd821_Test/CourseWork_Actual/initial2.er/archives/libhwloc.so.15.6.1_dnWuQRcLhw9'
Copying `/usr/lib/x86_64-linux-gnu/librt.so.1'  to `/home/nd821/nd821_Test/CourseWork_Actual/initial2.er/archives/librt.so.1_dnWuQRcLhw9'
Copying `/usr/lib/x86_64-linux-gnu/libgcc_s.so.1'  to `/home/nd821/nd821_Test/CourseWork_Actual/initial2.er/archives/libgcc_s.so.1_dnWuQRcLhw9'
Copying `/usr/lib/x86_64-linux-gnu/libgomp.so.1.0.0'  to `/home/nd821/nd821_Test/CourseWork_Actual/initial2.er/archives/libgomp.so.1.0.0_dnWuQRcLhw9'
Copying `/usr/lib/x86_64-linux-gnu/libm.so.6'  to `/home/nd821/nd821_Test/CourseWork_Actual/initial2.er/archives/libm.so.6_dnWuQRcLhw9'
Copying `/usr/lib/x86_64-linux-gnu/libmpi.so.40.30.4'  to `/home/nd821/nd821_Test/CourseWork_Actual/initial2.er/archives/libmpi.so.40.30.4_dnWuQRcLhw9'
Copying `/usr/lib/x86_64-linux-gnu/libmpi_cxx.so.40.30.1'  to `/home/nd821/nd821_Test/CourseWork_Actual/initial2.er/archives/libmpi_cxx.so.40.30.1_dnWuQRcLhw9'
Copying `/usr/lib/x86_64-linux-gnu/libboost_program_options.so.1.74.0'  to `/home/nd821/nd821_Test/CourseWork_Actual/initial2.er/archives/libboost_program_options.so.1.74.0_dnWuQRcLhw9'
Copying `/usr/lib/x86_64-linux-gnu/atlas/libblas.so.3.10.3'  to `/home/nd821/nd821_Test/CourseWork_Actual/initial2.er/archives/libblas.so.3.10.3_IiHvjNbM48a'
Copying `/apps/dev-studio/12.6/lib/analyzer/amd64/runtime/libcollector.so'  to `/home/nd821/nd821_Test/CourseWork_Actual/initial2.er/archives/libcollector.so_kN_xj2QRtH5'
Copying `/usr/lib/x86_64-linux-gnu/libpthread.so.0'  to `/home/nd821/nd821_Test/CourseWork_Actual/initial2.er/archives/libpthread.so.0_dnWuQRcLhw9'
Copying `/usr/lib/x86_64-linux-gnu/libdl.so.2'  to `/home/nd821/nd821_Test/CourseWork_Actual/initial2.er/archives/libdl.so.2_dnWuQRcLhw9'
Copying `/usr/lib/x86_64-linux-gnu/ld-linux-x86-64.so.2'  to `/home/nd821/nd821_Test/CourseWork_Actual/initial2.er/archives/ld-linux-x86-64.so.2_dnWuQRcLhw9'
Copying `/usr/lib/x86_64-linux-gnu/openmpi/lib/openmpi3/mca_shmem_sysv.so'  to `/home/nd821/nd821_Test/CourseWork_Actual/initial2.er/archives/mca_shmem_sysv.so_1fcNkoDIWK0'
Copying `/usr/lib/x86_64-linux-gnu/openmpi/lib/openmpi3/mca_shmem_posix.so'  to `/home/nd821/nd821_Test/CourseWork_Actual/initial2.er/archives/mca_shmem_posix.so_1fcNkoDIWK0'
Copying `/usr/lib/x86_64-linux-gnu/openmpi/lib/openmpi3/mca_shmem_mmap.so'  to `/home/nd821/nd821_Test/CourseWork_Actual/initial2.er/archives/mca_shmem_mmap.so_1fcNkoDIWK0'
Copying `/usr/lib/x86_64-linux-gnu/libnl-3.so.200.26.0'  to `/home/nd821/nd821_Test/CourseWork_Actual/initial2.er/archives/libnl-3.so.200.26.0_dnWuQRcLhw9'
Copying `/usr/lib/x86_64-linux-gnu/openmpi/lib/openmpi3/mca_reachable_netlink.so'  to `/home/nd821/nd821_Test/CourseWork_Actual/initial2.er/archives/mca_reachable_netlink.so_1fcNkoDIWK0'
Copying `/usr/lib/x86_64-linux-gnu/openmpi/lib/openmpi3/mca_reachable_weighted.so'  to `/home/nd821/nd821_Test/CourseWork_Actual/initial2.er/archives/mca_reachable_weighted.so_1fcNkoDIWK0'
Copying `/usr/lib/x86_64-linux-gnu/pmix2/lib/libpmix.so.2.6.2'  to `/home/nd821/nd821_Test/CourseWork_Actual/initial2.er/archives/libpmix.so.2.6.2_c7fl0BttU88'
Copying `/usr/lib/x86_64-linux-gnu/libmunge.so.2.0.0'  to `/home/nd821/nd821_Test/CourseWork_Actual/initial2.er/archives/libmunge.so.2.0.0_dnWuQRcLhw9'
Copying `/usr/lib/x86_64-linux-gnu/openmpi/lib/openmpi3/mca_pmix_flux.so'  to `/home/nd821/nd821_Test/CourseWork_Actual/initial2.er/archives/mca_pmix_flux.so_1fcNkoDIWK0'
Copying `/usr/lib/x86_64-linux-gnu/openmpi/lib/openmpi3/mca_pmix_ext3x.so'  to `/home/nd821/nd821_Test/CourseWork_Actual/initial2.er/archives/mca_pmix_ext3x.so_1fcNkoDIWK0'
Copying `/usr/lib/x86_64-linux-gnu/openmpi/lib/openmpi3/mca_ess_singleton.so'  to `/home/nd821/nd821_Test/CourseWork_Actual/initial2.er/archives/mca_ess_singleton.so_1fcNkoDIWK0'
Copying `/usr/lib/x86_64-linux-gnu/openmpi/lib/openmpi3/mca_schizo_slurm.so'  to `/home/nd821/nd821_Test/CourseWork_Actual/initial2.er/archives/mca_schizo_slurm.so_1fcNkoDIWK0'
Copying `/usr/lib/x86_64-linux-gnu/openmpi/lib/openmpi3/mca_schizo_jsm.so'  to `/home/nd821/nd821_Test/CourseWork_Actual/initial2.er/archives/mca_schizo_jsm.so_1fcNkoDIWK0'
Copying `/usr/lib/x86_64-linux-gnu/openmpi/lib/openmpi3/mca_schizo_ompi.so'  to `/home/nd821/nd821_Test/CourseWork_Actual/initial2.er/archives/mca_schizo_ompi.so_1fcNkoDIWK0'
Copying `/usr/lib/x86_64-linux-gnu/openmpi/lib/openmpi3/mca_schizo_orte.so'  to `/home/nd821/nd821_Test/CourseWork_Actual/initial2.er/archives/mca_schizo_orte.so_1fcNkoDIWK0'
Copying `/usr/lib/x86_64-linux-gnu/openmpi/lib/openmpi3/mca_schizo_flux.so'  to `/home/nd821/nd821_Test/CourseWork_Actual/initial2.er/archives/mca_schizo_flux.so_1fcNkoDIWK0'
Copying `/usr/lib/x86_64-linux-gnu/openmpi/lib/openmpi3/mca_state_hnp.so'  to `/home/nd821/nd821_Test/CourseWork_Actual/initial2.er/archives/mca_state_hnp.so_1fcNkoDIWK0'
Copying `/usr/lib/x86_64-linux-gnu/openmpi/lib/openmpi3/mca_state_tool.so'  to `/home/nd821/nd821_Test/CourseWork_Actual/initial2.er/archives/mca_state_tool.so_1fcNkoDIWK0'
Copying `/usr/lib/x86_64-linux-gnu/openmpi/lib/openmpi3/mca_state_app.so'  to `/home/nd821/nd821_Test/CourseWork_Actual/initial2.er/archives/mca_state_app.so_1fcNkoDIWK0'
Copying `/usr/lib/x86_64-linux-gnu/openmpi/lib/openmpi3/mca_state_orted.so'  to `/home/nd821/nd821_Test/CourseWork_Actual/initial2.er/archives/mca_state_orted.so_1fcNkoDIWK0'
Copying `/usr/lib/x86_64-linux-gnu/openmpi/lib/openmpi3/mca_state_novm.so'  to `/home/nd821/nd821_Test/CourseWork_Actual/initial2.er/archives/mca_state_novm.so_1fcNkoDIWK0'
Copying `/usr/lib/x86_64-linux-gnu/pmix2/lib/pmix/pmix_mca_pcompress_zlib.so'  to `/home/nd821/nd821_Test/CourseWork_Actual/initial2.er/archives/pmix_mca_pcompress_zlib.so_dU1net7nSj5'
Copying `/usr/lib/x86_64-linux-gnu/openmpi/lib/openmpi3/mca_errmgr_default_orted.so'  to `/home/nd821/nd821_Test/CourseWork_Actual/initial2.er/archives/mca_errmgr_default_orted.so_1fcNkoDIWK0'
Copying `/usr/lib/x86_64-linux-gnu/openmpi/lib/openmpi3/mca_errmgr_default_app.so'  to `/home/nd821/nd821_Test/CourseWork_Actual/initial2.er/archives/mca_errmgr_default_app.so_1fcNkoDIWK0'
Copying `/usr/lib/x86_64-linux-gnu/openmpi/lib/openmpi3/mca_errmgr_default_hnp.so'  to `/home/nd821/nd821_Test/CourseWork_Actual/initial2.er/archives/mca_errmgr_default_hnp.so_1fcNkoDIWK0'
Copying `/usr/lib/x86_64-linux-gnu/openmpi/lib/openmpi3/mca_errmgr_default_tool.so'  to `/home/nd821/nd821_Test/CourseWork_Actual/initial2.er/archives/mca_errmgr_default_tool.so_1fcNkoDIWK0'
Copying `/usr/lib/x86_64-linux-gnu/libicudata.so.72.1'  to `/home/nd821/nd821_Test/CourseWork_Actual/initial2.er/archives/libicudata.so.72.1_dnWuQRcLhw9'
Copying `/usr/lib/x86_64-linux-gnu/libXdmcp.so.6.0.0'  to `/home/nd821/nd821_Test/CourseWork_Actual/initial2.er/archives/libXdmcp.so.6.0.0_dnWuQRcLhw9'
Copying `/usr/lib/x86_64-linux-gnu/libX11.so.6.4.0'  to `/home/nd821/nd821_Test/CourseWork_Actual/initial2.er/archives/libX11.so.6.4.0_dnWuQRcLhw9'
Copying `/usr/lib/x86_64-linux-gnu/libicuuc.so.72.1'  to `/home/nd821/nd821_Test/CourseWork_Actual/initial2.er/archives/libicuuc.so.72.1_dnWuQRcLhw9'
Copying `/usr/lib/x86_64-linux-gnu/libxml2.so.2.9.14'  to `/home/nd821/nd821_Test/CourseWork_Actual/initial2.er/archives/libxml2.so.2.9.14_dnWuQRcLhw9'
Copying `/usr/lib/x86_64-linux-gnu/libbsd.so.0.11.7'  to `/home/nd821/nd821_Test/CourseWork_Actual/initial2.er/archives/libbsd.so.0.11.7_dnWuQRcLhw9'
Copying `/usr/lib/x86_64-linux-gnu/libxcb.so.1.1.0'  to `/home/nd821/nd821_Test/CourseWork_Actual/initial2.er/archives/libxcb.so.1.1.0_dnWuQRcLhw9'
Copying `/usr/lib/x86_64-linux-gnu/libXext.so.6.4.0'  to `/home/nd821/nd821_Test/CourseWork_Actual/initial2.er/archives/libXext.so.6.4.0_dnWuQRcLhw9'
Copying `/usr/lib/x86_64-linux-gnu/liblzma.so.5.4.1'  to `/home/nd821/nd821_Test/CourseWork_Actual/initial2.er/archives/liblzma.so.5.4.1_dnWuQRcLhw9'
Copying `/usr/lib/x86_64-linux-gnu/libOpenCL.so.1.0.0'  to `/home/nd821/nd821_Test/CourseWork_Actual/initial2.er/archives/libOpenCL.so.1.0.0_dnWuQRcLhw9'
Copying `/usr/lib/x86_64-linux-gnu/libmd.so.0.0.5'  to `/home/nd821/nd821_Test/CourseWork_Actual/initial2.er/archives/libmd.so.0.0.5_dnWuQRcLhw9'
Copying `/usr/lib/x86_64-linux-gnu/libXau.so.6.0.0'  to `/home/nd821/nd821_Test/CourseWork_Actual/initial2.er/archives/libXau.so.6.0.0_dnWuQRcLhw9'
Copying `/usr/lib/x86_64-linux-gnu/libXNVCtrl.so.0.0.0'  to `/home/nd821/nd821_Test/CourseWork_Actual/initial2.er/archives/libXNVCtrl.so.0.0.0_dnWuQRcLhw9'
Copying `/usr/lib/x86_64-linux-gnu/hwloc/hwloc_gl.so'  to `/home/nd821/nd821_Test/CourseWork_Actual/initial2.er/archives/hwloc_gl.so_IicRzkXVc9a'
Copying `/usr/lib/x86_64-linux-gnu/hwloc/hwloc_xml_libxml.so'  to `/home/nd821/nd821_Test/CourseWork_Actual/initial2.er/archives/hwloc_xml_libxml.so_IicRzkXVc9a'
Copying `/usr/lib/x86_64-linux-gnu/libpciaccess.so.0.11.1'  to `/home/nd821/nd821_Test/CourseWork_Actual/initial2.er/archives/libpciaccess.so.0.11.1_dnWuQRcLhw9'
Copying `/usr/lib/x86_64-linux-gnu/hwloc/hwloc_opencl.so'  to `/home/nd821/nd821_Test/CourseWork_Actual/initial2.er/archives/hwloc_opencl.so_IicRzkXVc9a'
Copying `/usr/lib/x86_64-linux-gnu/hwloc/hwloc_pci.so'  to `/home/nd821/nd821_Test/CourseWork_Actual/initial2.er/archives/hwloc_pci.so_IicRzkXVc9a'
Copying `/usr/lib/x86_64-linux-gnu/openmpi/lib/openmpi3/mca_op_avx.so'  to `/home/nd821/nd821_Test/CourseWork_Actual/initial2.er/archives/mca_op_avx.so_1fcNkoDIWK0'
Copying `/usr/lib/x86_64-linux-gnu/openmpi/lib/openmpi3/mca_btl_vader.so'  to `/home/nd821/nd821_Test/CourseWork_Actual/initial2.er/archives/mca_btl_vader.so_1fcNkoDIWK0'
Copying `/usr/lib/x86_64-linux-gnu/openmpi/lib/openmpi3/mca_btl_tcp.so'  to `/home/nd821/nd821_Test/CourseWork_Actual/initial2.er/archives/mca_btl_tcp.so_1fcNkoDIWK0'
Copying `/usr/lib/x86_64-linux-gnu/openmpi/lib/openmpi3/mca_btl_sm.so'  to `/home/nd821/nd821_Test/CourseWork_Actual/initial2.er/archives/mca_btl_sm.so_1fcNkoDIWK0'
Copying `/usr/lib/x86_64-linux-gnu/openmpi/lib/openmpi3/mca_btl_self.so'  to `/home/nd821/nd821_Test/CourseWork_Actual/initial2.er/archives/mca_btl_self.so_1fcNkoDIWK0'
Copying `/usr/lib/x86_64-linux-gnu/openmpi/lib/openmpi3/mca_bml_r2.so'  to `/home/nd821/nd821_Test/CourseWork_Actual/initial2.er/archives/mca_bml_r2.so_1fcNkoDIWK0'
Copying `/usr/lib/x86_64-linux-gnu/openmpi/lib/openmpi3/mca_mpool_hugepage.so'  to `/home/nd821/nd821_Test/CourseWork_Actual/initial2.er/archives/mca_mpool_hugepage.so_1fcNkoDIWK0'
Copying `/usr/lib/x86_64-linux-gnu/openmpi/lib/openmpi3/mca_rcache_grdma.so'  to `/home/nd821/nd821_Test/CourseWork_Actual/initial2.er/archives/mca_rcache_grdma.so_1fcNkoDIWK0'
Copying `/usr/lib/x86_64-linux-gnu/openmpi/lib/openmpi3/mca_allocator_basic.so'  to `/home/nd821/nd821_Test/CourseWork_Actual/initial2.er/archives/mca_allocator_basic.so_1fcNkoDIWK0'
Copying `/usr/lib/x86_64-linux-gnu/openmpi/lib/openmpi3/mca_allocator_bucket.so'  to `/home/nd821/nd821_Test/CourseWork_Actual/initial2.er/archives/mca_allocator_bucket.so_1fcNkoDIWK0'
Copying `/usr/lib/x86_64-linux-gnu/openmpi/lib/openmpi3/mca_pml_ob1.so'  to `/home/nd821/nd821_Test/CourseWork_Actual/initial2.er/archives/mca_pml_ob1.so_1fcNkoDIWK0'
Copying `/usr/lib/x86_64-linux-gnu/openmpi/lib/openmpi3/mca_vprotocol_pessimist.so'  to `/home/nd821/nd821_Test/CourseWork_Actual/initial2.er/archives/mca_vprotocol_pessimist.so_1fcNkoDIWK0'
Copying `/usr/lib/x86_64-linux-gnu/libmca_common_monitoring.so.50.20.0'  to `/home/nd821/nd821_Test/CourseWork_Actual/initial2.er/archives/libmca_common_monitoring.so.50.20.0_dnWuQRcLhw9'
Copying `/usr/lib/x86_64-linux-gnu/openmpi/lib/openmpi3/mca_pml_monitoring.so'  to `/home/nd821/nd821_Test/CourseWork_Actual/initial2.er/archives/mca_pml_monitoring.so_1fcNkoDIWK0'
Copying `/usr/lib/x86_64-linux-gnu/openmpi/lib/openmpi3/mca_pml_cm.so'  to `/home/nd821/nd821_Test/CourseWork_Actual/initial2.er/archives/mca_pml_cm.so_1fcNkoDIWK0'
Copying `/usr/lib/libpsm1/libpsm_infinipath.so.1.16'  to `/home/nd821/nd821_Test/CourseWork_Actual/initial2.er/archives/libpsm_infinipath.so.1.16_LW6XUxGbv93'
Copying `/usr/lib/x86_64-linux-gnu/libpsm2.so.2.2'  to `/home/nd821/nd821_Test/CourseWork_Actual/initial2.er/archives/libpsm2.so.2.2_dnWuQRcLhw9'
Copying `/usr/lib/x86_64-linux-gnu/libuuid.so.1.3.0'  to `/home/nd821/nd821_Test/CourseWork_Actual/initial2.er/archives/libuuid.so.1.3.0_dnWuQRcLhw9'
Copying `/usr/lib/x86_64-linux-gnu/libinfinipath.so.4.0'  to `/home/nd821/nd821_Test/CourseWork_Actual/initial2.er/archives/libinfinipath.so.4.0_dnWuQRcLhw9'
Copying `/usr/lib/x86_64-linux-gnu/openmpi/lib/openmpi3/mca_mtl_psm.so'  to `/home/nd821/nd821_Test/CourseWork_Actual/initial2.er/archives/mca_mtl_psm.so_1fcNkoDIWK0'
Copying `/usr/lib/x86_64-linux-gnu/libnuma.so.1.0.0'  to `/home/nd821/nd821_Test/CourseWork_Actual/initial2.er/archives/libnuma.so.1.0.0_dnWuQRcLhw9'
Copying `/usr/lib/x86_64-linux-gnu/openmpi/lib/openmpi3/mca_mtl_psm2.so'  to `/home/nd821/nd821_Test/CourseWork_Actual/initial2.er/archives/mca_mtl_psm2.so_1fcNkoDIWK0'
Copying `/usr/lib/x86_64-linux-gnu/openmpi/lib/openmpi3/mca_osc_monitoring.so'  to `/home/nd821/nd821_Test/CourseWork_Actual/initial2.er/archives/mca_osc_monitoring.so_1fcNkoDIWK0'
Copying `/usr/lib/x86_64-linux-gnu/openmpi/lib/openmpi3/mca_osc_rdma.so'  to `/home/nd821/nd821_Test/CourseWork_Actual/initial2.er/archives/mca_osc_rdma.so_1fcNkoDIWK0'
Copying `/usr/lib/x86_64-linux-gnu/openmpi/lib/openmpi3/mca_coll_libnbc.so'  to `/home/nd821/nd821_Test/CourseWork_Actual/initial2.er/archives/mca_coll_libnbc.so_1fcNkoDIWK0'
Copying `/usr/lib/x86_64-linux-gnu/openmpi/lib/openmpi3/mca_coll_tuned.so'  to `/home/nd821/nd821_Test/CourseWork_Actual/initial2.er/archives/mca_coll_tuned.so_1fcNkoDIWK0'
Copying `/usr/lib/x86_64-linux-gnu/openmpi/lib/openmpi3/mca_coll_monitoring.so'  to `/home/nd821/nd821_Test/CourseWork_Actual/initial2.er/archives/mca_coll_monitoring.so_1fcNkoDIWK0'
Copying `/usr/lib/x86_64-linux-gnu/libmca_common_sm.so.40.30.0'  to `/home/nd821/nd821_Test/CourseWork_Actual/initial2.er/archives/libmca_common_sm.so.40.30.0_dnWuQRcLhw9'
Copying `/usr/lib/x86_64-linux-gnu/openmpi/lib/openmpi3/mca_osc_sm.so'  to `/home/nd821/nd821_Test/CourseWork_Actual/initial2.er/archives/mca_osc_sm.so_1fcNkoDIWK0'
Copying `/usr/lib/x86_64-linux-gnu/openmpi/lib/openmpi3/mca_coll_han.so'  to `/home/nd821/nd821_Test/CourseWork_Actual/initial2.er/archives/mca_coll_han.so_1fcNkoDIWK0'
Copying `/usr/lib/x86_64-linux-gnu/openmpi/lib/openmpi3/mca_coll_sm.so'  to `/home/nd821/nd821_Test/CourseWork_Actual/initial2.er/archives/mca_coll_sm.so_1fcNkoDIWK0'
Copying `/usr/lib/x86_64-linux-gnu/openmpi/lib/openmpi3/mca_coll_adapt.so'  to `/home/nd821/nd821_Test/CourseWork_Actual/initial2.er/archives/mca_coll_adapt.so_1fcNkoDIWK0'
Copying `/usr/lib/x86_64-linux-gnu/openmpi/lib/openmpi3/mca_coll_inter.so'  to `/home/nd821/nd821_Test/CourseWork_Actual/initial2.er/archives/mca_coll_inter.so_1fcNkoDIWK0'
Copying `/usr/lib/x86_64-linux-gnu/openmpi/lib/openmpi3/mca_coll_basic.so'  to `/home/nd821/nd821_Test/CourseWork_Actual/initial2.er/archives/mca_coll_basic.so_1fcNkoDIWK0'
Copying `/usr/lib/x86_64-linux-gnu/openmpi/lib/openmpi3/mca_coll_sync.so'  to `/home/nd821/nd821_Test/CourseWork_Actual/initial2.er/archives/mca_coll_sync.so_1fcNkoDIWK0'
Copying `/usr/lib/x86_64-linux-gnu/openmpi/lib/openmpi3/mca_coll_self.so'  to `/home/nd821/nd821_Test/CourseWork_Actual/initial2.er/archives/mca_coll_self.so_1fcNkoDIWK0'
Copying `/usr/lib/x86_64-linux-gnu/openmpi/lib/openmpi3/mca_topo_treematch.so'  to `/home/nd821/nd821_Test/CourseWork_Actual/initial2.er/archives/mca_topo_treematch.so_1fcNkoDIWK0'
Copying `/usr/lib/x86_64-linux-gnu/openmpi/lib/openmpi3/mca_topo_basic.so'  to `/home/nd821/nd821_Test/CourseWork_Actual/initial2.er/archives/mca_topo_basic.so_1fcNkoDIWK0'
